(testing /course/cs4500f24/tas/camoy/repos/ultimate-penguins/./3/xeq)
(testing /course/cs4500f24/tas/camoy/repos/3/???/Tests/0-in.json /course/cs4500f24/tas/camoy/repos/3/???/Tests/0-out.json)
Traceback (most recent call last):
  File "/course/cs4500f24/tas/camoy/repos/ultimate-penguins/./3/xeq", line 10, in <module>
    from Bazaar.Common.player import Player
  File "/course/cs4500f24/tas/camoy/repos/ultimate-penguins/Bazaar/Common/player.py", line 26, in <module>
    from Bazaar.Common.utils import (
  File "/course/cs4500f24/tas/camoy/repos/ultimate-penguins/Bazaar/Common/utils.py", line 25, in <module>
    import pygame
ModuleNotFoundError: No module named 'pygame'
---------------------------------
(*** score 0)
(*** on)
'(((("red" "blue") ("green"))
   (("blue") ("yellow"))
   (("yellow" "green") ("white")))
  ("red" "blue" "yellow")
  ("green" "white"))
(*** expected)
'(((("red" "blue") ("green"))))
(*** but received)
'(((plain fast with-newline plain-unicode) ()))


(testing /course/cs4500f24/tas/camoy/repos/3/???/Tests/1-in.json /course/cs4500f24/tas/camoy/repos/3/???/Tests/1-out.json)
Traceback (most recent call last):
  File "/course/cs4500f24/tas/camoy/repos/ultimate-penguins/./3/xeq", line 10, in <module>
    from Bazaar.Common.player import Player
  File "/course/cs4500f24/tas/camoy/repos/ultimate-penguins/Bazaar/Common/player.py", line 26, in <module>
    from Bazaar.Common.utils import (
  File "/course/cs4500f24/tas/camoy/repos/ultimate-penguins/Bazaar/Common/utils.py", line 25, in <module>
    import pygame
ModuleNotFoundError: No module named 'pygame'
---------------------------------
(*** score 0)
(*** on)
'(((("red") ("blue" "green"))
   (("green" "yellow") ("red" "white"))
   (("blue" "white") ("yellow")))
  ("green" "yellow" "white")
  ("red" "white"))
(*** expected)
'(((("green" "yellow") ("red" "white"))))
(*** but received)
'(((plain fast with-newline plain-unicode) ()))


()
((passed 0) (total 2) (partial-score 0))
