(testing /course/cs4500f24/tas/camoy/repos/ultimate-penguins/./3/xeq)
(testing /course/cs4500f24/tas/camoy/repos/3/???/Tests/1-in.json /course/cs4500f24/tas/camoy/repos/3/???/Tests/1-out.json)
Traceback (most recent call last):
  File "/course/cs4500f24/tas/camoy/repos/ultimate-penguins/./3/xeq", line 10, in <module>
    from Bazaar.Common.player import Player
  File "/course/cs4500f24/tas/camoy/repos/ultimate-penguins/Bazaar/Common/player.py", line 26, in <module>
    from Bazaar.Common.utils import (
  File "/course/cs4500f24/tas/camoy/repos/ultimate-penguins/Bazaar/Common/utils.py", line 25, in <module>
    import pygame
ModuleNotFoundError: No module named 'pygame'
---------------------------------
(*** score 0)
(*** on)
'(((("white" "red" "white") ("yellow" "green")) (("blue") ("red" "red")))
  ("red" "red" "yellow" "green")
  ("white" "red" "white"))
(*** expected)
'(((("green" "yellow") ("red" "white" "white"))))
(*** but received)
'(((plain fast with-newline plain-unicode) ()))


(testing /course/cs4500f24/tas/camoy/repos/3/???/Tests/2-in.json /course/cs4500f24/tas/camoy/repos/3/???/Tests/2-out.json)
Traceback (most recent call last):
  File "/course/cs4500f24/tas/camoy/repos/ultimate-penguins/./3/xeq", line 10, in <module>
    from Bazaar.Common.player import Player
  File "/course/cs4500f24/tas/camoy/repos/ultimate-penguins/Bazaar/Common/player.py", line 26, in <module>
    from Bazaar.Common.utils import (
  File "/course/cs4500f24/tas/camoy/repos/ultimate-penguins/Bazaar/Common/utils.py", line 25, in <module>
    import pygame
ModuleNotFoundError: No module named 'pygame'
---------------------------------
(*** score 0)
(*** on)
'(((("white" "white" "white") ("yellow" "red"))
   (("red" "red") ("white" "white")))
  ("white" "white" "white" "red" "green")
  ("red" "red" "yellow"))
(*** expected)
'(((("white" "white") ("red" "red"))
   (("white" "white" "white") ("yellow" "red"))))
(*** but received)
'(((plain fast with-newline plain-unicode) ()))


()
((passed 0) (total 2) (partial-score 0))
