(testing /course/cs4500f24/tas/camoy/repos/ultimate-penguins/./3/xeq)
(testing /course/cs4500f24/tas/camoy/repos/3/???/Tests/0-in.json /course/cs4500f24/tas/camoy/repos/3/???/Tests/0-out.json)
Traceback (most recent call last):
  File "/course/cs4500f24/tas/camoy/repos/ultimate-penguins/./3/xeq", line 10, in <module>
    from Bazaar.Common.player import Player
  File "/course/cs4500f24/tas/camoy/repos/ultimate-penguins/Bazaar/Common/player.py", line 26, in <module>
    from Bazaar.Common.utils import (
  File "/course/cs4500f24/tas/camoy/repos/ultimate-penguins/Bazaar/Common/utils.py", line 25, in <module>
    import pygame
ModuleNotFoundError: No module named 'pygame'
---------------------------------
(*** score 0)
(*** on)
'(((("red" "blue" "white" "yellow") ("green" "green" "green")))
  ("red" "blue" "white" "yellow")
  ("green" "green" "green"))
(*** expected)
'(((("red" "blue" "white" "yellow") ("green" "green" "green"))))
(*** but received)
'(((plain fast with-newline plain-unicode) ()))


(testing /course/cs4500f24/tas/camoy/repos/3/???/Tests/1-in.json /course/cs4500f24/tas/camoy/repos/3/???/Tests/1-out.json)
Traceback (most recent call last):
  File "/course/cs4500f24/tas/camoy/repos/ultimate-penguins/./3/xeq", line 10, in <module>
    from Bazaar.Common.player import Player
  File "/course/cs4500f24/tas/camoy/repos/ultimate-penguins/Bazaar/Common/player.py", line 26, in <module>
    from Bazaar.Common.utils import (
  File "/course/cs4500f24/tas/camoy/repos/ultimate-penguins/Bazaar/Common/utils.py", line 25, in <module>
    import pygame
ModuleNotFoundError: No module named 'pygame'
---------------------------------
(*** score 0)
(*** on)
'(((("yellow" "yellow") ("red" "green" "red")) (("blue") ("green" "green")))
  ("yellow" "yellow" "yellow" "green" "green" "green" "blue" "red")
  ("red" "yellow" "blue" "red"))
(*** expected)
'(((("green" "green") ("blue"))))
(*** but received)
'(((plain fast with-newline plain-unicode) ()))


()
((passed 0) (total 2) (partial-score 0))
